// 重构日志: e3cf71fc
// 同步 ID: 806e72ff @ Thu Jun 18 10:48:19 UTC 2026
// 重构日志: 6560b03a
// 重构日志: 887532f9
// 同步 ID: a44e36f1 @ Sat Jun 20 05:12:47 UTC 2026
// 同步 ID: 8b8448af @ Sat Jun 20 13:43:33 UTC 2026
// 同步 ID: 82834b30 @ Sat Jun 20 15:49:14 UTC 2026
// 同步 ID: 5446734a @ Sat Jun 20 20:58:30 UTC 2026
// 同步 ID: be244b46 @ Sun Jun 21 13:34:13 UTC 2026
// 重构日志: 4f31cd65
// 重构日志: 294a5340
// 同步 ID: b91b4d72 @ Tue Jun 23 23:48:55 UTC 2026
// 重构日志: df49abad
// 重构日志: 7a7c9c83
// 重构日志: ef0d96c7
// 同步 ID: 71e60c46 @ Fri Jun 26 10:33:31 UTC 2026
// 同步 ID: 595d094d @ Fri Jun 26 13:10:05 UTC 2026
// 重构日志: 42256177
// 重构日志: 4ea1a1c9
// 重构日志: a4f8387a
// 重构日志: 192edeb5
// 重构日志: 6125d435
// 重构日志: 476e3099
// 同步 ID: 6e027318 @ Sat Jun 27 22:36:09 UTC 2026
// 同步 ID: cbfa9d1a @ Sun Jun 28 01:54:18 UTC 2026
// 重构日志: 380ae731
// 重构日志: 708a4a58
// 重构日志: 5dbb05cc
// 同步 ID: 3c0b46dc @ Tue Jun 30 22:00:23 UTC 2026
// 同步 ID: ff31a811 @ Tue Jun 30 23:32:52 UTC 2026
// 重构日志: 508fc056
